## Footprint report - date 05/08/18 12:57:43
## Created by Pcbnew version kicad 4.0.7
## Unit = mm, Angle = deg.

$BeginDESCRIPTION

$BOARD
upper_left_corner 83.719999 79.909999
lower_right_corner 155.040001 127.100001
$EndBOARD

$MODULE "C1"
reference "C1"
value "20uF"
footprint "Capacitors_THT:CP_Axial_L18.0mm_D8.0mm_P25.00mm_Horizontal"
attribut none
position 116.840000 85.090000  orientation 0.00
layer front
$PAD "1"
Shape Rect Layer both
position  0.000000  0.000000  size  2.400000  2.400000  orientation 0.00
drill  1.200000
shape_offset  0.000000  0.000000
$EndPAD
$PAD "2"
Shape Oval Layer both
position 25.000000  0.000000  size  2.400000  2.400000  orientation 0.00
drill  1.200000
shape_offset  0.000000  0.000000
$EndPAD
$EndMODULE  C1

$MODULE "C2"
reference "C2"
value "50uF"
footprint "Capacitors_THT:CP_Axial_L21.0mm_D8.0mm_P28.00mm_Horizontal"
attribut none
position 133.350000 91.440000  orientation 270.00
layer front
$PAD "1"
Shape Rect Layer both
position  0.000000  0.000000  size  2.400000  2.400000  orientation 0.00
drill  1.200000
shape_offset  0.000000  0.000000
$EndPAD
$PAD "2"
Shape Oval Layer both
position 28.000000  0.000000  size  2.400000  2.400000  orientation 0.00
drill  1.200000
shape_offset  0.000000  0.000000
$EndPAD
$EndMODULE  C2

$MODULE "C3"
reference "C3"
value "20uF"
footprint "Capacitors_THT:CP_Axial_L18.0mm_D8.0mm_P25.00mm_Horizontal"
attribut none
position 91.440000 110.490000  orientation 90.00
layer front
$PAD "1"
Shape Rect Layer both
position  0.000000  0.000000  size  2.400000  2.400000  orientation 0.00
drill  1.200000
shape_offset  0.000000  0.000000
$EndPAD
$PAD "2"
Shape Oval Layer both
position 25.000000  0.000000  size  2.400000  2.400000  orientation 0.00
drill  1.200000
shape_offset  0.000000  0.000000
$EndPAD
$EndMODULE  C3

$MODULE "P1"
reference "P1"
value "Signal_In"
footprint "Connectors_Terminal_Blocks:TerminalBlock_Altech_AK300-2_P5.00mm"
attribut none
position 146.050000 111.760000  orientation 270.00
layer front
$PAD "1"
Shape Rect Layer both
position  0.000000  0.000000  size  1.980000  3.960000  orientation 0.00
drill  1.320000
shape_offset  0.000000  0.000000
$EndPAD
$PAD "2"
Shape Oval Layer both
position  5.000000  0.000000  size  1.980000  3.960000  orientation 0.00
drill  1.320000
shape_offset  0.000000  0.000000
$EndPAD
$EndMODULE  P1

$MODULE "P2"
reference "P2"
value "Signal_Out"
footprint "Connectors_Terminal_Blocks:TerminalBlock_Altech_AK300-2_P5.00mm"
attribut none
position 146.050000 97.790000  orientation 270.00
layer front
$PAD "1"
Shape Rect Layer both
position  0.000000  0.000000  size  1.980000  3.960000  orientation 0.00
drill  1.320000
shape_offset  0.000000  0.000000
$EndPAD
$PAD "2"
Shape Oval Layer both
position  5.000000  0.000000  size  1.980000  3.960000  orientation 0.00
drill  1.320000
shape_offset  0.000000  0.000000
$EndPAD
$EndMODULE  P2

$MODULE "Q1"
reference "Q1"
value "BC548"
footprint "TO_SOT_Packages_THT:TO-92_Molded_Narrow"
attribut none
position 99.060000 85.090000  orientation 0.00
layer front
$PAD "2"
Shape Circle Layer both
position  1.270000 -1.270000  size  1.000000  1.000000  orientation 90.00
drill  0.600000
shape_offset  0.000000  0.000000
$EndPAD
$PAD "3"
Shape Circle Layer both
position  2.540000  0.000000  size  1.000000  1.000000  orientation 90.00
drill  0.600000
shape_offset  0.000000  0.000000
$EndPAD
$PAD "1"
Shape Rect Layer both
position  0.000000  0.000000  size  1.000000  1.000000  orientation 90.00
drill  0.600000
shape_offset  0.000000  0.000000
$EndPAD
$EndMODULE  Q1

$MODULE "R1"
reference "R1"
value "22k"
footprint "Resistors_THT:R_Axial_DIN0516_L15.5mm_D5.0mm_P20.32mm_Horizontal"
attribut none
position 109.220000 111.760000  orientation 90.00
layer front
$PAD "1"
Shape Circle Layer both
position  0.000000  0.000000  size  2.400000  2.400000  orientation 0.00
drill  1.200000
shape_offset  0.000000  0.000000
$EndPAD
$PAD "2"
Shape Oval Layer both
position 20.320000  0.000000  size  2.400000  2.400000  orientation 0.00
drill  1.200000
shape_offset  0.000000  0.000000
$EndPAD
$EndMODULE  R1

$MODULE "R4"
reference "R4"
value "1.8k"
footprint "Resistors_THT:R_Axial_DIN0516_L15.5mm_D5.0mm_P20.32mm_Horizontal"
attribut none
position 124.460000 91.440000  orientation 270.00
layer front
$PAD "1"
Shape Circle Layer both
position  0.000000  0.000000  size  2.400000  2.400000  orientation 0.00
drill  1.200000
shape_offset  0.000000  0.000000
$EndPAD
$PAD "2"
Shape Oval Layer both
position 20.320000  0.000000  size  2.400000  2.400000  orientation 0.00
drill  1.200000
shape_offset  0.000000  0.000000
$EndPAD
$EndMODULE  R4

$MODULE "R2"
reference "R2"
value "6.8k"
footprint "Resistors_THT:R_Axial_DIN0516_L15.5mm_D5.0mm_P20.32mm_Horizontal"
attribut none
position 116.840000 91.440000  orientation 270.00
layer front
$PAD "1"
Shape Circle Layer both
position  0.000000  0.000000  size  2.400000  2.400000  orientation 0.00
drill  1.200000
shape_offset  0.000000  0.000000
$EndPAD
$PAD "2"
Shape Oval Layer both
position 20.320000  0.000000  size  2.400000  2.400000  orientation 0.00
drill  1.200000
shape_offset  0.000000  0.000000
$EndPAD
$EndMODULE  R2

$MODULE "R3"
reference "R3"
value "4.7k"
footprint "Resistors_THT:R_Axial_DIN0516_L15.5mm_D5.0mm_P20.32mm_Horizontal"
attribut none
position 100.330000 111.760000  orientation 90.00
layer front
$PAD "1"
Shape Circle Layer both
position  0.000000  0.000000  size  2.400000  2.400000  orientation 0.00
drill  1.200000
shape_offset  0.000000  0.000000
$EndPAD
$PAD "2"
Shape Oval Layer both
position 20.320000  0.000000  size  2.400000  2.400000  orientation 0.00
drill  1.200000
shape_offset  0.000000  0.000000
$EndPAD
$EndMODULE  R3

$MODULE "J1"
reference "J1"
value "Conn_01x02"
footprint "Connectors:Banana_Jack_2Pin"
attribut none
position 91.950000 119.380000  orientation 0.00
layer front
$PAD "1"
Shape Circle Layer both
position  0.000000  0.000000  size 10.160000 10.160000  orientation 0.00
drill  6.100000
shape_offset  0.000000  0.000000
$EndPAD
$PAD "2"
Shape Circle Layer both
position 29.970000  0.000000  size 10.160000 10.160000  orientation 0.00
drill  6.100000
shape_offset  0.000000  0.000000
$EndPAD
$EndMODULE  J1

$EndDESCRIPTION
